CRITICAL - 2023-01-04 03:18:34 --> Undefined property: App\Controllers\Siswa::$config
in APPPATH\Controllers\Siswa.php on line 20.
 1 APPPATH\Controllers\Siswa.php(20): CodeIgniter\Debug\Exceptions->errorHandler(2, 'Undefined property: App\\Controllers\\Siswa::$config', 'APPPATH\\Controllers\\Siswa.php', 20)
 2 SYSTEMPATH\CodeIgniter.php(927): App\Controllers\Siswa->index()
 3 SYSTEMPATH\CodeIgniter.php(482): CodeIgniter\CodeIgniter->runController(Object(App\Controllers\Siswa))
 4 SYSTEMPATH\CodeIgniter.php(351): CodeIgniter\CodeIgniter->handleRequest(null, Object(Config\Cache), false)
 5 FCPATH\index.php(67): CodeIgniter\CodeIgniter->run()
 6 SYSTEMPATH\Commands\Server\rewrite.php(46): require_once('FCPATH\\index.php')
CRITICAL - 2023-01-04 03:53:00 --> Invalid file: siswa/excel.php
in SYSTEMPATH\Exceptions\FrameworkException.php on line 33.
 1 SYSTEMPATH\View\View.php(201): CodeIgniter\Exceptions\FrameworkException::forInvalidFile('siswa/excel.php')
 2 SYSTEMPATH\Common.php(1134): CodeIgniter\View\View->render('siswa/excel', [], true)
 3 APPPATH\Controllers\Siswa.php(136): view('siswa/excel', [...])
 4 SYSTEMPATH\CodeIgniter.php(927): App\Controllers\Siswa->excel()
 5 SYSTEMPATH\CodeIgniter.php(482): CodeIgniter\CodeIgniter->runController(Object(App\Controllers\Siswa))
 6 SYSTEMPATH\CodeIgniter.php(351): CodeIgniter\CodeIgniter->handleRequest(null, Object(Config\Cache), false)
 7 FCPATH\index.php(67): CodeIgniter\CodeIgniter->run()
 8 SYSTEMPATH\Commands\Server\rewrite.php(46): require_once('FCPATH\\index.php')
CRITICAL - 2023-01-04 06:57:24 --> Call to undefined function App\Controllers\tampilan()
in APPPATH\Controllers\Guru.php on line 33.
 1 SYSTEMPATH\CodeIgniter.php(927): App\Controllers\Guru->index()
 2 SYSTEMPATH\CodeIgniter.php(482): CodeIgniter\CodeIgniter->runController(Object(App\Controllers\Guru))
 3 SYSTEMPATH\CodeIgniter.php(351): CodeIgniter\CodeIgniter->handleRequest(null, Object(Config\Cache), false)
 4 FCPATH\index.php(67): CodeIgniter\CodeIgniter->run()
 5 SYSTEMPATH\Commands\Server\rewrite.php(46): require_once('FCPATH\\index.php')
CRITICAL - 2023-01-04 19:44:38 --> Cannot redeclare App\Controllers\Guru::hapus()
in APPPATH\Controllers\Guru.php on line 107.
 1 [internal function]: CodeIgniter\Debug\Exceptions->shutdownHandler()
CRITICAL - 2023-01-04 19:45:35 --> Undefined array key "nisn"
in APPPATH\Views\Siswa\index.php on line 57.
 1 APPPATH\Views\Siswa\index.php(57): CodeIgniter\Debug\Exceptions->errorHandler(2, 'Undefined array key "nisn"', 'APPPATH\\Views\\Siswa\\index.php', 57)
 2 SYSTEMPATH\View\View.php(213): include('APPPATH\\Views\\Siswa\\index.php')
 3 SYSTEMPATH\View\View.php(216): CodeIgniter\View\View->CodeIgniter\View\{closure}()
 4 SYSTEMPATH\Common.php(1134): CodeIgniter\View\View->render('siswa/index', [], true)
 5 APPPATH\Controllers\Guru.php(73): view('siswa/index', [...])
 6 SYSTEMPATH\CodeIgniter.php(927): App\Controllers\Guru->tambah()
 7 SYSTEMPATH\CodeIgniter.php(482): CodeIgniter\CodeIgniter->runController(Object(App\Controllers\Guru))
 8 SYSTEMPATH\CodeIgniter.php(351): CodeIgniter\CodeIgniter->handleRequest(null, Object(Config\Cache), false)
 9 FCPATH\index.php(67): CodeIgniter\CodeIgniter->run()
10 SYSTEMPATH\Commands\Server\rewrite.php(46): require_once('FCPATH\\index.php')
CRITICAL - 2023-01-04 19:49:16 --> Undefined variable $siswa
in APPPATH\Views\Siswa\index.php on line 54.
 1 APPPATH\Views\Siswa\index.php(54): CodeIgniter\Debug\Exceptions->errorHandler(2, 'Undefined variable $siswa', 'APPPATH\\Views\\Siswa\\index.php', 54)
 2 SYSTEMPATH\View\View.php(213): include('APPPATH\\Views\\Siswa\\index.php')
 3 SYSTEMPATH\View\View.php(216): CodeIgniter\View\View->CodeIgniter\View\{closure}()
 4 SYSTEMPATH\Common.php(1134): CodeIgniter\View\View->render('siswa/index', [], true)
 5 APPPATH\Controllers\Guru.php(73): view('siswa/index', [...])
 6 SYSTEMPATH\CodeIgniter.php(927): App\Controllers\Guru->tambah()
 7 SYSTEMPATH\CodeIgniter.php(482): CodeIgniter\CodeIgniter->runController(Object(App\Controllers\Guru))
 8 SYSTEMPATH\CodeIgniter.php(351): CodeIgniter\CodeIgniter->handleRequest(null, Object(Config\Cache), false)
 9 FCPATH\index.php(67): CodeIgniter\CodeIgniter->run()
10 SYSTEMPATH\Commands\Server\rewrite.php(46): require_once('FCPATH\\index.php')
CRITICAL - 2023-01-04 19:49:37 --> Undefined variable $siswa
in APPPATH\Views\Siswa\index.php on line 54.
 1 APPPATH\Views\Siswa\index.php(54): CodeIgniter\Debug\Exceptions->errorHandler(2, 'Undefined variable $siswa', 'APPPATH\\Views\\Siswa\\index.php', 54)
 2 SYSTEMPATH\View\View.php(213): include('APPPATH\\Views\\Siswa\\index.php')
 3 SYSTEMPATH\View\View.php(216): CodeIgniter\View\View->CodeIgniter\View\{closure}()
 4 SYSTEMPATH\Common.php(1134): CodeIgniter\View\View->render('siswa/index', [], true)
 5 APPPATH\Controllers\Guru.php(73): view('siswa/index', [...])
 6 SYSTEMPATH\CodeIgniter.php(927): App\Controllers\Guru->tambah()
 7 SYSTEMPATH\CodeIgniter.php(482): CodeIgniter\CodeIgniter->runController(Object(App\Controllers\Guru))
 8 SYSTEMPATH\CodeIgniter.php(351): CodeIgniter\CodeIgniter->handleRequest(null, Object(Config\Cache), false)
 9 FCPATH\index.php(67): CodeIgniter\CodeIgniter->run()
10 SYSTEMPATH\Commands\Server\rewrite.php(46): require_once('FCPATH\\index.php')
CRITICAL - 2023-01-04 20:28:00 --> Undefined variable $siswa
in APPPATH\Views\Siswa\index.php on line 54.
 1 APPPATH\Views\Siswa\index.php(54): CodeIgniter\Debug\Exceptions->errorHandler(2, 'Undefined variable $siswa', 'APPPATH\\Views\\Siswa\\index.php', 54)
 2 SYSTEMPATH\View\View.php(213): include('APPPATH\\Views\\Siswa\\index.php')
 3 SYSTEMPATH\View\View.php(216): CodeIgniter\View\View->CodeIgniter\View\{closure}()
 4 SYSTEMPATH\Common.php(1134): CodeIgniter\View\View->render('siswa/index', [], true)
 5 APPPATH\Controllers\Guru.php(73): view('siswa/index', [...])
 6 SYSTEMPATH\CodeIgniter.php(927): App\Controllers\Guru->tambah()
 7 SYSTEMPATH\CodeIgniter.php(482): CodeIgniter\CodeIgniter->runController(Object(App\Controllers\Guru))
 8 SYSTEMPATH\CodeIgniter.php(351): CodeIgniter\CodeIgniter->handleRequest(null, Object(Config\Cache), false)
 9 FCPATH\index.php(67): CodeIgniter\CodeIgniter->run()
10 SYSTEMPATH\Commands\Server\rewrite.php(46): require_once('FCPATH\\index.php')
CRITICAL - 2023-01-04 20:30:08 --> Undefined variable $siswa
in APPPATH\Views\Siswa\index.php on line 54.
 1 APPPATH\Views\Siswa\index.php(54): CodeIgniter\Debug\Exceptions->errorHandler(2, 'Undefined variable $siswa', 'APPPATH\\Views\\Siswa\\index.php', 54)
 2 SYSTEMPATH\View\View.php(213): include('APPPATH\\Views\\Siswa\\index.php')
 3 SYSTEMPATH\View\View.php(216): CodeIgniter\View\View->CodeIgniter\View\{closure}()
 4 SYSTEMPATH\Common.php(1134): CodeIgniter\View\View->render('siswa/index', [], true)
 5 APPPATH\Controllers\Guru.php(73): view('siswa/index', [...])
 6 SYSTEMPATH\CodeIgniter.php(927): App\Controllers\Guru->tambah()
 7 SYSTEMPATH\CodeIgniter.php(482): CodeIgniter\CodeIgniter->runController(Object(App\Controllers\Guru))
 8 SYSTEMPATH\CodeIgniter.php(351): CodeIgniter\CodeIgniter->handleRequest(null, Object(Config\Cache), false)
 9 FCPATH\index.php(67): CodeIgniter\CodeIgniter->run()
10 SYSTEMPATH\Commands\Server\rewrite.php(46): require_once('FCPATH\\index.php')
CRITICAL - 2023-01-04 21:53:06 --> mkdir(): No such file or directory
in SYSTEMPATH\HTTP\Files\UploadedFile.php on line 176.
 1 [internal function]: CodeIgniter\Debug\Exceptions->errorHandler(2, 'mkdir(): No such file or directory', 'SYSTEMPATH\\HTTP\\Files\\UploadedFile.php', 176)
 2 SYSTEMPATH\HTTP\Files\UploadedFile.php(176): mkdir('1672890785_eb43a6559bd576a21fea.png://localhost:8080/assets/img/profile/', 511, true)
 3 SYSTEMPATH\HTTP\Files\UploadedFile.php(130): CodeIgniter\HTTP\Files\UploadedFile->setPath('1672890785_eb43a6559bd576a21fea.png://localhost:8080/assets/img/profile/')
 4 APPPATH\Controllers\Guru.php(83): CodeIgniter\HTTP\Files\UploadedFile->move('1672890785_eb43a6559bd576a21fea.png://localhost:8080/assets/img/profile/')
 5 SYSTEMPATH\CodeIgniter.php(927): App\Controllers\Guru->tambah()
 6 SYSTEMPATH\CodeIgniter.php(482): CodeIgniter\CodeIgniter->runController(Object(App\Controllers\Guru))
 7 SYSTEMPATH\CodeIgniter.php(351): CodeIgniter\CodeIgniter->handleRequest(null, Object(Config\Cache), false)
 8 FCPATH\index.php(67): CodeIgniter\CodeIgniter->run()
 9 SYSTEMPATH\Commands\Server\rewrite.php(46): require_once('FCPATH\\index.php')
CRITICAL - 2023-01-04 22:00:44 --> mkdir(): No such file or directory
in SYSTEMPATH\HTTP\Files\UploadedFile.php on line 176.
 1 [internal function]: CodeIgniter\Debug\Exceptions->errorHandler(2, 'mkdir(): No such file or directory', 'SYSTEMPATH\\HTTP\\Files\\UploadedFile.php', 176)
 2 SYSTEMPATH\HTTP\Files\UploadedFile.php(176): mkdir('1672891244_561568f7d58a79f31ffc.png://localhost:8080/assets/img/profile/', 511, true)
 3 SYSTEMPATH\HTTP\Files\UploadedFile.php(130): CodeIgniter\HTTP\Files\UploadedFile->setPath('1672891244_561568f7d58a79f31ffc.png://localhost:8080/assets/img/profile/')
 4 APPPATH\Controllers\Guru.php(83): CodeIgniter\HTTP\Files\UploadedFile->move('1672891244_561568f7d58a79f31ffc.png://localhost:8080/assets/img/profile/')
 5 SYSTEMPATH\CodeIgniter.php(927): App\Controllers\Guru->tambah()
 6 SYSTEMPATH\CodeIgniter.php(482): CodeIgniter\CodeIgniter->runController(Object(App\Controllers\Guru))
 7 SYSTEMPATH\CodeIgniter.php(351): CodeIgniter\CodeIgniter->handleRequest(null, Object(Config\Cache), false)
 8 FCPATH\index.php(67): CodeIgniter\CodeIgniter->run()
 9 SYSTEMPATH\Commands\Server\rewrite.php(46): require_once('FCPATH\\index.php')
CRITICAL - 2023-01-04 22:15:36 --> mkdir(): No such file or directory
in SYSTEMPATH\HTTP\Files\UploadedFile.php on line 176.
 1 [internal function]: CodeIgniter\Debug\Exceptions->errorHandler(2, 'mkdir(): No such file or directory', 'SYSTEMPATH\\HTTP\\Files\\UploadedFile.php', 176)
 2 SYSTEMPATH\HTTP\Files\UploadedFile.php(176): mkdir('1672892135_ac8fdf5614c8996d7887.png://localhost:8080/assets/img/profile/', 511, true)
 3 SYSTEMPATH\HTTP\Files\UploadedFile.php(130): CodeIgniter\HTTP\Files\UploadedFile->setPath('1672892135_ac8fdf5614c8996d7887.png://localhost:8080/assets/img/profile/')
 4 APPPATH\Controllers\Guru.php(83): CodeIgniter\HTTP\Files\UploadedFile->move('1672892135_ac8fdf5614c8996d7887.png://localhost:8080/assets/img/profile/')
 5 SYSTEMPATH\CodeIgniter.php(927): App\Controllers\Guru->tambah()
 6 SYSTEMPATH\CodeIgniter.php(482): CodeIgniter\CodeIgniter->runController(Object(App\Controllers\Guru))
 7 SYSTEMPATH\CodeIgniter.php(351): CodeIgniter\CodeIgniter->handleRequest(null, Object(Config\Cache), false)
 8 FCPATH\index.php(67): CodeIgniter\CodeIgniter->run()
 9 SYSTEMPATH\Commands\Server\rewrite.php(46): require_once('FCPATH\\index.php')
