CRITICAL - 2023-01-02 01:42:06 --> fwrite(): Write of 86 bytes failed with errno=22 Invalid argument
in SYSTEMPATH\CLI\CLI.php on line 1013.
 1 [internal function]: CodeIgniter\Debug\Exceptions->errorHandler(8, 'fwrite(): Write of 86 bytes failed with errno=22 Invalid argument', 'SYSTEMPATH\\CLI\\CLI.php', 1013)
 2 SYSTEMPATH\CLI\CLI.php(1013): fwrite(resource (stream), '
CodeIgniter v4.2.10 Command Line Tool - Server Time: 2023-01-02 01:42:05 UTC-06:00
')
 3 SYSTEMPATH\CLI\CLI.php(364): CodeIgniter\CLI\CLI::fwrite(resource (stream), '
CodeIgniter v4.2.10 Command Line Tool - Server Time: 2023-01-02 01:42:05 UTC-06:00
')
 4 SYSTEMPATH\CLI\Console.php(60): CodeIgniter\CLI\CLI::write('
CodeIgniter v4.2.10 Command Line Tool - Server Time: 2023-01-02 01:42:05 UTC-06:00', 'green')
 5 ROOTPATH\spark(95): CodeIgniter\CLI\Console->showHeader(false)
CRITICAL - 2023-01-02 01:42:06 --> Uncaught ErrorException: fwrite(): Write of 2 bytes failed with errno=22 Invalid argument in C:\xampp\htdocs\sn-ci4\system\CLI\CLI.php:1013
Stack trace:
#0 [internal function]: CodeIgniter\Debug\Exceptions->errorHandler(8, 'fwrite(): Write...', 'C:\\xampp\\htdocs...', 1013)
#1 C:\xampp\htdocs\sn-ci4\system\CLI\CLI.php(1013): fwrite(Resource id #2, '\r\n')
#2 C:\xampp\htdocs\sn-ci4\system\CLI\CLI.php(364): CodeIgniter\CLI\CLI::fwrite(Resource id #2, '\r\n')
#3 C:\xampp\htdocs\sn-ci4\system\CLI\CLI.php(441): CodeIgniter\CLI\CLI::write()
#4 C:\xampp\htdocs\sn-ci4\app\Views\errors\cli\error_exception.php(6): CodeIgniter\CLI\CLI::newLine()
#5 C:\xampp\htdocs\sn-ci4\system\Debug\Exceptions.php(284): include('C:\\xampp\\htdocs...')
#6 C:\xampp\htdocs\sn-ci4\system\Debug\Exceptions.php(287): CodeIgniter\Debug\Exceptions->CodeIgniter\Debug\{closure}()
#7 C:\xampp\htdocs\sn-ci4\system\Debug\Exceptions.php(139): CodeIgniter\Debug\Exceptions->render(Object(ErrorException), 500)
#8 [internal function]: CodeIgniter\Debug\Exceptions->exceptionHandler(Object(ErrorException))
#9 {main}
  thrown
in SYSTEMPATH\CLI\CLI.php on line 1013.
 1 [internal function]: CodeIgniter\Debug\Exceptions->shutdownHandler()
CRITICAL - 2023-01-02 03:35:43 --> syntax error, unexpected token ","
in APPPATH\ThirdParty\myth-auth\src\Controllers\AuthController.php on line 487.
 1 SYSTEMPATH\Autoloader\Autoloader.php(259): CodeIgniter\Autoloader\Autoloader->includeFile('APPPATH\\ThirdParty\\myth-auth\\src\\Controllers\\AuthController.php')
 2 SYSTEMPATH\Autoloader\Autoloader.php(237): CodeIgniter\Autoloader\Autoloader->loadInNamespace('Myth\\Auth\\Controllers\\AuthController')
 3 [internal function]: CodeIgniter\Autoloader\Autoloader->loadClass('Myth\\Auth\\Controllers\\AuthController')
 4 SYSTEMPATH\CodeIgniter.php(877): class_exists('\\Myth\\Auth\\Controllers\\AuthController', true)
 5 SYSTEMPATH\CodeIgniter.php(469): CodeIgniter\CodeIgniter->startController()
 6 SYSTEMPATH\CodeIgniter.php(351): CodeIgniter\CodeIgniter->handleRequest(null, Object(Config\Cache), false)
 7 FCPATH\index.php(67): CodeIgniter\CodeIgniter->run()
 8 SYSTEMPATH\Commands\Server\rewrite.php(46): require_once('FCPATH\\index.php')
CRITICAL - 2023-01-02 03:36:06 --> syntax error, unexpected token ":"
in APPPATH\ThirdParty\myth-auth\src\Controllers\AuthController.php on line 487.
 1 SYSTEMPATH\Autoloader\Autoloader.php(259): CodeIgniter\Autoloader\Autoloader->includeFile('APPPATH\\ThirdParty\\myth-auth\\src\\Controllers\\AuthController.php')
 2 SYSTEMPATH\Autoloader\Autoloader.php(237): CodeIgniter\Autoloader\Autoloader->loadInNamespace('Myth\\Auth\\Controllers\\AuthController')
 3 [internal function]: CodeIgniter\Autoloader\Autoloader->loadClass('Myth\\Auth\\Controllers\\AuthController')
 4 SYSTEMPATH\CodeIgniter.php(877): class_exists('\\Myth\\Auth\\Controllers\\AuthController', true)
 5 SYSTEMPATH\CodeIgniter.php(469): CodeIgniter\CodeIgniter->startController()
 6 SYSTEMPATH\CodeIgniter.php(351): CodeIgniter\CodeIgniter->handleRequest(null, Object(Config\Cache), false)
 7 FCPATH\index.php(67): CodeIgniter\CodeIgniter->run()
 8 SYSTEMPATH\Commands\Server\rewrite.php(46): require_once('FCPATH\\index.php')
CRITICAL - 2023-01-02 03:38:55 --> Class name must be a valid object or a string
in APPPATH\ThirdParty\myth-auth\src\Config\Services.php on line 81.
 1 SYSTEMPATH\Config\BaseService.php(253): Myth\Auth\Config\Services::activator(Object(Myth\Auth\Config\Auth), false)
 2 SYSTEMPATH\Config\BaseService.php(194): CodeIgniter\Config\BaseService::__callStatic('activator', [...])
 3 APPPATH\ThirdParty\myth-auth\src\Config\Services.php(74): CodeIgniter\Config\BaseService::getSharedInstance('activator', null)
 4 SYSTEMPATH\Config\BaseService.php(253): Myth\Auth\Config\Services::activator()
 5 SYSTEMPATH\Common.php(959): CodeIgniter\Config\BaseService::__callStatic('activator', [])
 6 APPPATH\ThirdParty\myth-auth\src\Controllers\AuthController.php(235): service('activator')
 7 SYSTEMPATH\CodeIgniter.php(927): Myth\Auth\Controllers\AuthController->attemptRegister()
 8 SYSTEMPATH\CodeIgniter.php(482): CodeIgniter\CodeIgniter->runController(Object(Myth\Auth\Controllers\AuthController))
 9 SYSTEMPATH\CodeIgniter.php(351): CodeIgniter\CodeIgniter->handleRequest(null, Object(Config\Cache), false)
10 FCPATH\index.php(67): CodeIgniter\CodeIgniter->run()
11 SYSTEMPATH\Commands\Server\rewrite.php(46): require_once('FCPATH\\index.php')
CRITICAL - 2023-01-02 03:41:13 --> Class name must be a valid object or a string
in APPPATH\ThirdParty\myth-auth\src\Config\Services.php on line 81.
 1 SYSTEMPATH\Config\BaseService.php(253): Myth\Auth\Config\Services::activator(Object(Myth\Auth\Config\Auth), false)
 2 SYSTEMPATH\Config\BaseService.php(194): CodeIgniter\Config\BaseService::__callStatic('activator', [...])
 3 APPPATH\ThirdParty\myth-auth\src\Config\Services.php(74): CodeIgniter\Config\BaseService::getSharedInstance('activator', null)
 4 SYSTEMPATH\Config\BaseService.php(253): Myth\Auth\Config\Services::activator()
 5 SYSTEMPATH\Common.php(959): CodeIgniter\Config\BaseService::__callStatic('activator', [])
 6 APPPATH\ThirdParty\myth-auth\src\Controllers\AuthController.php(235): service('activator')
 7 SYSTEMPATH\CodeIgniter.php(927): Myth\Auth\Controllers\AuthController->attemptRegister()
 8 SYSTEMPATH\CodeIgniter.php(482): CodeIgniter\CodeIgniter->runController(Object(Myth\Auth\Controllers\AuthController))
 9 SYSTEMPATH\CodeIgniter.php(351): CodeIgniter\CodeIgniter->handleRequest(null, Object(Config\Cache), false)
10 FCPATH\index.php(67): CodeIgniter\CodeIgniter->run()
11 SYSTEMPATH\Commands\Server\rewrite.php(46): require_once('FCPATH\\index.php')
CRITICAL - 2023-01-02 03:50:04 --> Class name must be a valid object or a string
in APPPATH\ThirdParty\myth-auth\src\Config\Services.php on line 81.
 1 SYSTEMPATH\Config\BaseService.php(253): Myth\Auth\Config\Services::activator(Object(Myth\Auth\Config\Auth), false)
 2 SYSTEMPATH\Config\BaseService.php(194): CodeIgniter\Config\BaseService::__callStatic('activator', [...])
 3 APPPATH\ThirdParty\myth-auth\src\Config\Services.php(74): CodeIgniter\Config\BaseService::getSharedInstance('activator', null)
 4 SYSTEMPATH\Config\BaseService.php(253): Myth\Auth\Config\Services::activator()
 5 SYSTEMPATH\Common.php(959): CodeIgniter\Config\BaseService::__callStatic('activator', [])
 6 APPPATH\ThirdParty\myth-auth\src\Controllers\AuthController.php(501): service('activator')
 7 SYSTEMPATH\CodeIgniter.php(927): Myth\Auth\Controllers\AuthController->resendActivateAccount()
 8 SYSTEMPATH\CodeIgniter.php(482): CodeIgniter\CodeIgniter->runController(Object(Myth\Auth\Controllers\AuthController))
 9 SYSTEMPATH\CodeIgniter.php(351): CodeIgniter\CodeIgniter->handleRequest(null, Object(Config\Cache), false)
10 FCPATH\index.php(67): CodeIgniter\CodeIgniter->run()
11 SYSTEMPATH\Commands\Server\rewrite.php(46): require_once('FCPATH\\index.php')
CRITICAL - 2023-01-02 05:44:14 --> Class name must be a valid object or a string
in APPPATH\ThirdParty\myth-auth\src\Config\Services.php on line 81.
 1 SYSTEMPATH\Config\BaseService.php(253): Myth\Auth\Config\Services::activator(Object(Myth\Auth\Config\Auth), false)
 2 SYSTEMPATH\Config\BaseService.php(194): CodeIgniter\Config\BaseService::__callStatic('activator', [...])
 3 APPPATH\ThirdParty\myth-auth\src\Config\Services.php(74): CodeIgniter\Config\BaseService::getSharedInstance('activator', null)
 4 SYSTEMPATH\Config\BaseService.php(253): Myth\Auth\Config\Services::activator()
 5 SYSTEMPATH\Common.php(959): CodeIgniter\Config\BaseService::__callStatic('activator', [])
 6 APPPATH\ThirdParty\myth-auth\src\Controllers\AuthController.php(232): service('activator')
 7 SYSTEMPATH\CodeIgniter.php(927): Myth\Auth\Controllers\AuthController->attemptRegister()
 8 SYSTEMPATH\CodeIgniter.php(482): CodeIgniter\CodeIgniter->runController(Object(Myth\Auth\Controllers\AuthController))
 9 SYSTEMPATH\CodeIgniter.php(351): CodeIgniter\CodeIgniter->handleRequest(null, Object(Config\Cache), false)
10 FCPATH\index.php(67): CodeIgniter\CodeIgniter->run()
11 SYSTEMPATH\Commands\Server\rewrite.php(46): require_once('FCPATH\\index.php')
CRITICAL - 2023-01-02 05:55:53 --> Class name must be a valid object or a string
in APPPATH\ThirdParty\myth-auth\src\Config\Services.php on line 81.
 1 SYSTEMPATH\Config\BaseService.php(253): Myth\Auth\Config\Services::activator(Object(Myth\Auth\Config\Auth), false)
 2 SYSTEMPATH\Config\BaseService.php(194): CodeIgniter\Config\BaseService::__callStatic('activator', [...])
 3 APPPATH\ThirdParty\myth-auth\src\Config\Services.php(74): CodeIgniter\Config\BaseService::getSharedInstance('activator', null)
 4 SYSTEMPATH\Config\BaseService.php(253): Myth\Auth\Config\Services::activator()
 5 SYSTEMPATH\Common.php(959): CodeIgniter\Config\BaseService::__callStatic('activator', [])
 6 APPPATH\ThirdParty\myth-auth\src\Controllers\AuthController.php(232): service('activator')
 7 SYSTEMPATH\CodeIgniter.php(927): Myth\Auth\Controllers\AuthController->attemptRegister()
 8 SYSTEMPATH\CodeIgniter.php(482): CodeIgniter\CodeIgniter->runController(Object(Myth\Auth\Controllers\AuthController))
 9 SYSTEMPATH\CodeIgniter.php(351): CodeIgniter\CodeIgniter->handleRequest(null, Object(Config\Cache), false)
10 FCPATH\index.php(67): CodeIgniter\CodeIgniter->run()
11 SYSTEMPATH\Commands\Server\rewrite.php(46): require_once('FCPATH\\index.php')
CRITICAL - 2023-01-02 06:38:51 --> Class name must be a valid object or a string
in APPPATH\ThirdParty\myth-auth\src\Config\Services.php on line 81.
 1 SYSTEMPATH\Config\BaseService.php(253): Myth\Auth\Config\Services::activator(Object(Myth\Auth\Config\Auth), false)
 2 SYSTEMPATH\Config\BaseService.php(194): CodeIgniter\Config\BaseService::__callStatic('activator', [...])
 3 APPPATH\ThirdParty\myth-auth\src\Config\Services.php(74): CodeIgniter\Config\BaseService::getSharedInstance('activator', null)
 4 SYSTEMPATH\Config\BaseService.php(253): Myth\Auth\Config\Services::activator()
 5 SYSTEMPATH\Common.php(959): CodeIgniter\Config\BaseService::__callStatic('activator', [])
 6 APPPATH\ThirdParty\myth-auth\src\Controllers\AuthController.php(495): service('activator')
 7 SYSTEMPATH\CodeIgniter.php(927): Myth\Auth\Controllers\AuthController->resendActivateAccount()
 8 SYSTEMPATH\CodeIgniter.php(482): CodeIgniter\CodeIgniter->runController(Object(Myth\Auth\Controllers\AuthController))
 9 SYSTEMPATH\CodeIgniter.php(351): CodeIgniter\CodeIgniter->handleRequest(null, Object(Config\Cache), false)
10 FCPATH\index.php(67): CodeIgniter\CodeIgniter->run()
11 SYSTEMPATH\Commands\Server\rewrite.php(46): require_once('FCPATH\\index.php')
CRITICAL - 2023-01-02 06:50:32 --> Class name must be a valid object or a string
in APPPATH\ThirdParty\myth-auth\src\Config\Services.php on line 81.
 1 SYSTEMPATH\Config\BaseService.php(253): Myth\Auth\Config\Services::activator(Object(Myth\Auth\Config\Auth), false)
 2 SYSTEMPATH\Config\BaseService.php(194): CodeIgniter\Config\BaseService::__callStatic('activator', [...])
 3 APPPATH\ThirdParty\myth-auth\src\Config\Services.php(74): CodeIgniter\Config\BaseService::getSharedInstance('activator', null)
 4 SYSTEMPATH\Config\BaseService.php(253): Myth\Auth\Config\Services::activator()
 5 SYSTEMPATH\Common.php(959): CodeIgniter\Config\BaseService::__callStatic('activator', [])
 6 APPPATH\ThirdParty\myth-auth\src\Controllers\AuthController.php(229): service('activator')
 7 SYSTEMPATH\CodeIgniter.php(927): Myth\Auth\Controllers\AuthController->attemptRegister()
 8 SYSTEMPATH\CodeIgniter.php(482): CodeIgniter\CodeIgniter->runController(Object(Myth\Auth\Controllers\AuthController))
 9 SYSTEMPATH\CodeIgniter.php(351): CodeIgniter\CodeIgniter->handleRequest(null, Object(Config\Cache), false)
10 FCPATH\index.php(67): CodeIgniter\CodeIgniter->run()
11 SYSTEMPATH\Commands\Server\rewrite.php(46): require_once('FCPATH\\index.php')
CRITICAL - 2023-01-02 06:52:39 --> Undefined array key "activate-account"
in APPPATH\ThirdParty\myth-auth\src\Config\Routes.php on line 26.
 1 APPPATH\ThirdParty\myth-auth\src\Config\Routes.php(26): CodeIgniter\Debug\Exceptions->errorHandler(2, 'Undefined array key "activate-account"', 'APPPATH\\ThirdParty\\myth-auth\\src\\Config\\Routes.php', 26)
 2 SYSTEMPATH\Router\RouteCollection.php(645): CodeIgniter\Router\RouteCollection::Myth\Auth\Config\{closure}(Object(CodeIgniter\Router\RouteCollection))
 3 APPPATH\ThirdParty\myth-auth\src\Config\Routes.php(34): CodeIgniter\Router\RouteCollection->group('ROOTPATH\\public', [...], Object(Closure))
 4 SYSTEMPATH\Router\RouteCollection.php(396): include('APPPATH\\ThirdParty\\myth-auth\\src\\Config\\Routes.php')
 5 SYSTEMPATH\Router\RouteCollection.php(468): CodeIgniter\Router\RouteCollection->discoverRoutes()
 6 SYSTEMPATH\Router\RouteCollection.php(1464): CodeIgniter\Router\RouteCollection->getRoutes('cli')
 7 SYSTEMPATH\Router\Router.php(146): CodeIgniter\Router\RouteCollection->getRegisteredControllers('cli')
 8 SYSTEMPATH\Config\Services.php(609): CodeIgniter\Router\Router->__construct(Object(CodeIgniter\Router\RouteCollection), Object(CodeIgniter\HTTP\IncomingRequest))
 9 SYSTEMPATH\Config\BaseService.php(253): CodeIgniter\Config\Services::router(Object(CodeIgniter\Router\RouteCollection), Object(CodeIgniter\HTTP\IncomingRequest), false)
10 SYSTEMPATH\Config\BaseService.php(194): CodeIgniter\Config\BaseService::__callStatic('router', [...])
11 SYSTEMPATH\Config\Services.php(603): CodeIgniter\Config\BaseService::getSharedInstance('router', Object(CodeIgniter\Router\RouteCollection), Object(CodeIgniter\HTTP\IncomingRequest))
12 SYSTEMPATH\Config\BaseService.php(253): CodeIgniter\Config\Services::router(Object(CodeIgniter\Router\RouteCollection), Object(CodeIgniter\HTTP\IncomingRequest))
13 SYSTEMPATH\CodeIgniter.php(793): CodeIgniter\Config\BaseService::__callStatic('router', [...])
14 SYSTEMPATH\CodeIgniter.php(430): CodeIgniter\CodeIgniter->tryToRouteIt(Object(CodeIgniter\Router\RouteCollection))
15 SYSTEMPATH\CodeIgniter.php(351): CodeIgniter\CodeIgniter->handleRequest(null, Object(Config\Cache), false)
16 FCPATH\index.php(67): CodeIgniter\CodeIgniter->run()
17 SYSTEMPATH\Commands\Server\rewrite.php(46): require_once('FCPATH\\index.php')
CRITICAL - 2023-01-02 06:52:55 --> Undefined property: Myth\Auth\Config\Auth::$activeResetter
in APPPATH\ThirdParty\myth-auth\src\Views\login.php on line 62.
 1 APPPATH\ThirdParty\myth-auth\src\Views\login.php(62): CodeIgniter\Debug\Exceptions->errorHandler(2, 'Undefined property: Myth\\Auth\\Config\\Auth::$activeResetter', 'APPPATH\\ThirdParty\\myth-auth\\src\\Views\\login.php', 62)
 2 SYSTEMPATH\View\View.php(213): include('APPPATH\\ThirdParty\\myth-auth\\src\\Views\\login.php')
 3 SYSTEMPATH\View\View.php(216): CodeIgniter\View\View->CodeIgniter\View\{closure}()
 4 SYSTEMPATH\Common.php(1134): CodeIgniter\View\View->render('Myth\\Auth\\Views\\login', [], true)
 5 APPPATH\ThirdParty\myth-auth\src\Controllers\AuthController.php(518): view('Myth\\Auth\\Views\\login', [...])
 6 APPPATH\ThirdParty\myth-auth\src\Controllers\AuthController.php(74): Myth\Auth\Controllers\AuthController->_render('Myth\\Auth\\Views\\login', [...])
 7 SYSTEMPATH\CodeIgniter.php(927): Myth\Auth\Controllers\AuthController->login()
 8 SYSTEMPATH\CodeIgniter.php(482): CodeIgniter\CodeIgniter->runController(Object(Myth\Auth\Controllers\AuthController))
 9 SYSTEMPATH\CodeIgniter.php(351): CodeIgniter\CodeIgniter->handleRequest(null, Object(Config\Cache), false)
10 FCPATH\index.php(67): CodeIgniter\CodeIgniter->run()
11 SYSTEMPATH\Commands\Server\rewrite.php(46): require_once('FCPATH\\index.php')
CRITICAL - 2023-01-02 06:54:22 --> Undefined property: Myth\Auth\Config\Auth::$activeResetter
in APPPATH\ThirdParty\myth-auth\src\Views\login.php on line 62.
 1 APPPATH\ThirdParty\myth-auth\src\Views\login.php(62): CodeIgniter\Debug\Exceptions->errorHandler(2, 'Undefined property: Myth\\Auth\\Config\\Auth::$activeResetter', 'APPPATH\\ThirdParty\\myth-auth\\src\\Views\\login.php', 62)
 2 SYSTEMPATH\View\View.php(213): include('APPPATH\\ThirdParty\\myth-auth\\src\\Views\\login.php')
 3 SYSTEMPATH\View\View.php(216): CodeIgniter\View\View->CodeIgniter\View\{closure}()
 4 SYSTEMPATH\Common.php(1134): CodeIgniter\View\View->render('Myth\\Auth\\Views\\login', [], true)
 5 APPPATH\ThirdParty\myth-auth\src\Controllers\AuthController.php(518): view('Myth\\Auth\\Views\\login', [...])
 6 APPPATH\ThirdParty\myth-auth\src\Controllers\AuthController.php(74): Myth\Auth\Controllers\AuthController->_render('Myth\\Auth\\Views\\login', [...])
 7 SYSTEMPATH\CodeIgniter.php(927): Myth\Auth\Controllers\AuthController->login()
 8 SYSTEMPATH\CodeIgniter.php(482): CodeIgniter\CodeIgniter->runController(Object(Myth\Auth\Controllers\AuthController))
 9 SYSTEMPATH\CodeIgniter.php(351): CodeIgniter\CodeIgniter->handleRequest(null, Object(Config\Cache), false)
10 FCPATH\index.php(67): CodeIgniter\CodeIgniter->run()
11 SYSTEMPATH\Commands\Server\rewrite.php(46): require_once('FCPATH\\index.php')
CRITICAL - 2023-01-02 07:01:50 --> Class name must be a valid object or a string
in APPPATH\ThirdParty\myth-auth\src\Config\Services.php on line 81.
 1 SYSTEMPATH\Config\BaseService.php(253): Myth\Auth\Config\Services::activator(Object(Myth\Auth\Config\Auth), false)
 2 SYSTEMPATH\Config\BaseService.php(194): CodeIgniter\Config\BaseService::__callStatic('activator', [...])
 3 APPPATH\ThirdParty\myth-auth\src\Config\Services.php(74): CodeIgniter\Config\BaseService::getSharedInstance('activator', null)
 4 SYSTEMPATH\Config\BaseService.php(253): Myth\Auth\Config\Services::activator()
 5 SYSTEMPATH\Common.php(959): CodeIgniter\Config\BaseService::__callStatic('activator', [])
 6 APPPATH\ThirdParty\myth-auth\src\Controllers\AuthController.php(229): service('activator')
 7 SYSTEMPATH\CodeIgniter.php(927): Myth\Auth\Controllers\AuthController->attemptRegister()
 8 SYSTEMPATH\CodeIgniter.php(482): CodeIgniter\CodeIgniter->runController(Object(Myth\Auth\Controllers\AuthController))
 9 SYSTEMPATH\CodeIgniter.php(351): CodeIgniter\CodeIgniter->handleRequest(null, Object(Config\Cache), false)
10 FCPATH\index.php(67): CodeIgniter\CodeIgniter->run()
11 SYSTEMPATH\Commands\Server\rewrite.php(46): require_once('FCPATH\\index.php')
CRITICAL - 2023-01-02 20:49:37 --> Class name must be a valid object or a string
in APPPATH\ThirdParty\myth-auth\src\Config\Services.php on line 81.
 1 SYSTEMPATH\Config\BaseService.php(253): Myth\Auth\Config\Services::activator(Object(Myth\Auth\Config\Auth), false)
 2 SYSTEMPATH\Config\BaseService.php(194): CodeIgniter\Config\BaseService::__callStatic('activator', [...])
 3 APPPATH\ThirdParty\myth-auth\src\Config\Services.php(74): CodeIgniter\Config\BaseService::getSharedInstance('activator', null)
 4 SYSTEMPATH\Config\BaseService.php(253): Myth\Auth\Config\Services::activator()
 5 SYSTEMPATH\Common.php(959): CodeIgniter\Config\BaseService::__callStatic('activator', [])
 6 APPPATH\ThirdParty\myth-auth\src\Controllers\AuthController.php(229): service('activator')
 7 SYSTEMPATH\CodeIgniter.php(927): Myth\Auth\Controllers\AuthController->attemptRegister()
 8 SYSTEMPATH\CodeIgniter.php(482): CodeIgniter\CodeIgniter->runController(Object(Myth\Auth\Controllers\AuthController))
 9 SYSTEMPATH\CodeIgniter.php(351): CodeIgniter\CodeIgniter->handleRequest(null, Object(Config\Cache), false)
10 FCPATH\index.php(67): CodeIgniter\CodeIgniter->run()
11 SYSTEMPATH\Commands\Server\rewrite.php(46): require_once('FCPATH\\index.php')
CRITICAL - 2023-01-02 20:54:00 --> Class name must be a valid object or a string
in APPPATH\ThirdParty\myth-auth\src\Config\Services.php on line 81.
 1 SYSTEMPATH\Config\BaseService.php(253): Myth\Auth\Config\Services::activator(Object(Myth\Auth\Config\Auth), false)
 2 SYSTEMPATH\Config\BaseService.php(194): CodeIgniter\Config\BaseService::__callStatic('activator', [...])
 3 APPPATH\ThirdParty\myth-auth\src\Config\Services.php(74): CodeIgniter\Config\BaseService::getSharedInstance('activator', null)
 4 SYSTEMPATH\Config\BaseService.php(253): Myth\Auth\Config\Services::activator()
 5 SYSTEMPATH\Common.php(959): CodeIgniter\Config\BaseService::__callStatic('activator', [])
 6 APPPATH\ThirdParty\myth-auth\src\Controllers\AuthController.php(229): service('activator')
 7 SYSTEMPATH\CodeIgniter.php(927): Myth\Auth\Controllers\AuthController->attemptRegister()
 8 SYSTEMPATH\CodeIgniter.php(482): CodeIgniter\CodeIgniter->runController(Object(Myth\Auth\Controllers\AuthController))
 9 SYSTEMPATH\CodeIgniter.php(351): CodeIgniter\CodeIgniter->handleRequest(null, Object(Config\Cache), false)
10 FCPATH\index.php(67): CodeIgniter\CodeIgniter->run()
11 SYSTEMPATH\Commands\Server\rewrite.php(46): require_once('FCPATH\\index.php')
CRITICAL - 2023-01-02 20:56:05 --> Class name must be a valid object or a string
in APPPATH\ThirdParty\myth-auth\src\Config\Services.php on line 81.
 1 SYSTEMPATH\Config\BaseService.php(253): Myth\Auth\Config\Services::activator(Object(Myth\Auth\Config\Auth), false)
 2 SYSTEMPATH\Config\BaseService.php(194): CodeIgniter\Config\BaseService::__callStatic('activator', [...])
 3 APPPATH\ThirdParty\myth-auth\src\Config\Services.php(74): CodeIgniter\Config\BaseService::getSharedInstance('activator', null)
 4 SYSTEMPATH\Config\BaseService.php(253): Myth\Auth\Config\Services::activator()
 5 SYSTEMPATH\Common.php(959): CodeIgniter\Config\BaseService::__callStatic('activator', [])
 6 APPPATH\ThirdParty\myth-auth\src\Controllers\AuthController.php(229): service('activator')
 7 SYSTEMPATH\CodeIgniter.php(927): Myth\Auth\Controllers\AuthController->attemptRegister()
 8 SYSTEMPATH\CodeIgniter.php(482): CodeIgniter\CodeIgniter->runController(Object(Myth\Auth\Controllers\AuthController))
 9 SYSTEMPATH\CodeIgniter.php(351): CodeIgniter\CodeIgniter->handleRequest(null, Object(Config\Cache), false)
10 FCPATH\index.php(67): CodeIgniter\CodeIgniter->run()
11 SYSTEMPATH\Commands\Server\rewrite.php(46): require_once('FCPATH\\index.php')
CRITICAL - 2023-01-02 20:58:41 --> Class name must be a valid object or a string
in APPPATH\ThirdParty\myth-auth\src\Config\Services.php on line 81.
 1 SYSTEMPATH\Config\BaseService.php(253): Myth\Auth\Config\Services::activator(Object(Myth\Auth\Config\Auth), false)
 2 SYSTEMPATH\Config\BaseService.php(194): CodeIgniter\Config\BaseService::__callStatic('activator', [...])
 3 APPPATH\ThirdParty\myth-auth\src\Config\Services.php(74): CodeIgniter\Config\BaseService::getSharedInstance('activator', null)
 4 SYSTEMPATH\Config\BaseService.php(253): Myth\Auth\Config\Services::activator()
 5 SYSTEMPATH\Common.php(959): CodeIgniter\Config\BaseService::__callStatic('activator', [])
 6 APPPATH\ThirdParty\myth-auth\src\Controllers\AuthController.php(229): service('activator')
 7 SYSTEMPATH\CodeIgniter.php(927): Myth\Auth\Controllers\AuthController->attemptRegister()
 8 SYSTEMPATH\CodeIgniter.php(482): CodeIgniter\CodeIgniter->runController(Object(Myth\Auth\Controllers\AuthController))
 9 SYSTEMPATH\CodeIgniter.php(351): CodeIgniter\CodeIgniter->handleRequest(null, Object(Config\Cache), false)
10 FCPATH\index.php(67): CodeIgniter\CodeIgniter->run()
11 SYSTEMPATH\Commands\Server\rewrite.php(46): require_once('FCPATH\\index.php')
