CRITICAL - 2022-12-22 03:40:23 --> syntax error, unexpected token "return"
in APPPATH\Controllers\Siswa.php on line 39.
 1 SYSTEMPATH\Router\Router.php(499): CodeIgniter\Router\AutoRouter->getRoute('siswa/tambah')
 2 SYSTEMPATH\Router\Router.php(205): CodeIgniter\Router\Router->autoRoute('siswa/tambah')
 3 SYSTEMPATH\CodeIgniter.php(802): CodeIgniter\Router\Router->handle('siswa/tambah')
 4 SYSTEMPATH\CodeIgniter.php(430): CodeIgniter\CodeIgniter->tryToRouteIt(Object(CodeIgniter\Router\RouteCollection))
 5 SYSTEMPATH\CodeIgniter.php(351): CodeIgniter\CodeIgniter->handleRequest(null, Object(Config\Cache), false)
 6 FCPATH\index.php(67): CodeIgniter\CodeIgniter->run()
 7 SYSTEMPATH\Commands\Server\rewrite.php(46): require_once('FCPATH\\index.php')
ERROR - 2022-12-22 03:42:23 --> mysqli_sql_exception: Column 'nisn' cannot be null in C:\xampp\htdocs\sn-ci4\system\Database\MySQLi\Connection.php:292
Stack trace:
#0 C:\xampp\htdocs\sn-ci4\system\Database\MySQLi\Connection.php(292): mysqli->query('INSERT INTO `si...', 0)
#1 C:\xampp\htdocs\sn-ci4\system\Database\BaseConnection.php(666): CodeIgniter\Database\MySQLi\Connection->execute('INSERT INTO `si...')
#2 C:\xampp\htdocs\sn-ci4\system\Database\BaseConnection.php(593): CodeIgniter\Database\BaseConnection->simpleQuery('INSERT INTO `si...')
#3 C:\xampp\htdocs\sn-ci4\system\Database\BaseBuilder.php(1916): CodeIgniter\Database\BaseConnection->query('INSERT INTO `si...', Array, false)
#4 C:\xampp\htdocs\sn-ci4\app\Models\M_siswa.php(21): CodeIgniter\Database\BaseBuilder->insert(Array)
#5 C:\xampp\htdocs\sn-ci4\app\Controllers\Siswa.php(36): App\Models\M_siswa->tambah(Array)
#6 C:\xampp\htdocs\sn-ci4\system\CodeIgniter.php(927): App\Controllers\Siswa->tambah()
#7 C:\xampp\htdocs\sn-ci4\system\CodeIgniter.php(482): CodeIgniter\CodeIgniter->runController(Object(App\Controllers\Siswa))
#8 C:\xampp\htdocs\sn-ci4\system\CodeIgniter.php(351): CodeIgniter\CodeIgniter->handleRequest(NULL, Object(Config\Cache), false)
#9 C:\xampp\htdocs\sn-ci4\public\index.php(67): CodeIgniter\CodeIgniter->run()
#10 C:\xampp\htdocs\sn-ci4\system\Commands\Server\rewrite.php(46): require_once('C:\\xampp\\htdocs...')
#11 {main}
CRITICAL - 2022-12-22 03:42:23 --> Column 'nisn' cannot be null
in SYSTEMPATH\Database\MySQLi\Connection.php on line 292.
 1 SYSTEMPATH\Database\MySQLi\Connection.php(292): mysqli->query('INSERT INTO `siswa` (`nisn`, `nama`) VALUES (NULL, NULL)', 0)
 2 SYSTEMPATH\Database\BaseConnection.php(666): CodeIgniter\Database\MySQLi\Connection->execute('INSERT INTO `siswa` (`nisn`, `nama`) VALUES (NULL, NULL)')
 3 SYSTEMPATH\Database\BaseConnection.php(593): CodeIgniter\Database\BaseConnection->simpleQuery('INSERT INTO `siswa` (`nisn`, `nama`) VALUES (NULL, NULL)')
 4 SYSTEMPATH\Database\BaseBuilder.php(1916): CodeIgniter\Database\BaseConnection->query('INSERT INTO `siswa` (`nisn`, `nama`) VALUES (:nisn:, :nama:)', [...], false)
 5 APPPATH\Models\M_siswa.php(21): CodeIgniter\Database\BaseBuilder->insert([...])
 6 APPPATH\Controllers\Siswa.php(36): App\Models\M_siswa->tambah([...])
 7 SYSTEMPATH\CodeIgniter.php(927): App\Controllers\Siswa->tambah()
 8 SYSTEMPATH\CodeIgniter.php(482): CodeIgniter\CodeIgniter->runController(Object(App\Controllers\Siswa))
 9 SYSTEMPATH\CodeIgniter.php(351): CodeIgniter\CodeIgniter->handleRequest(null, Object(Config\Cache), false)
10 FCPATH\index.php(67): CodeIgniter\CodeIgniter->run()
11 SYSTEMPATH\Commands\Server\rewrite.php(46): require_once('FCPATH\\index.php')
CRITICAL - 2022-12-22 04:08:19 --> syntax error, unexpected identifier "siswa", expecting "]"
in APPPATH\Controllers\Siswa.php on line 34.
 1 SYSTEMPATH\Router\Router.php(499): CodeIgniter\Router\AutoRouter->getRoute('siswa/tambah')
 2 SYSTEMPATH\Router\Router.php(205): CodeIgniter\Router\Router->autoRoute('siswa/tambah')
 3 SYSTEMPATH\CodeIgniter.php(802): CodeIgniter\Router\Router->handle('siswa/tambah')
 4 SYSTEMPATH\CodeIgniter.php(430): CodeIgniter\CodeIgniter->tryToRouteIt(Object(CodeIgniter\Router\RouteCollection))
 5 SYSTEMPATH\CodeIgniter.php(351): CodeIgniter\CodeIgniter->handleRequest(null, Object(Config\Cache), false)
 6 FCPATH\index.php(67): CodeIgniter\CodeIgniter->run()
 7 SYSTEMPATH\Commands\Server\rewrite.php(46): require_once('FCPATH\\index.php')
CRITICAL - 2022-12-22 04:09:08 --> Undefined constant "App\Controllers\rules"
in APPPATH\Controllers\Siswa.php on line 38.
 1 SYSTEMPATH\CodeIgniter.php(927): App\Controllers\Siswa->tambah()
 2 SYSTEMPATH\CodeIgniter.php(482): CodeIgniter\CodeIgniter->runController(Object(App\Controllers\Siswa))
 3 SYSTEMPATH\CodeIgniter.php(351): CodeIgniter\CodeIgniter->handleRequest(null, Object(Config\Cache), false)
 4 FCPATH\index.php(67): CodeIgniter\CodeIgniter->run()
 5 SYSTEMPATH\Commands\Server\rewrite.php(46): require_once('FCPATH\\index.php')
CRITICAL - 2022-12-22 04:30:48 --> Undefined variable $row
in APPPATH\Views\Siswa\index.php on line 107.
 1 APPPATH\Views\Siswa\index.php(107): CodeIgniter\Debug\Exceptions->errorHandler(2, 'Undefined variable $row', 'APPPATH\\Views\\Siswa\\index.php', 107)
 2 SYSTEMPATH\View\View.php(213): include('APPPATH\\Views\\Siswa\\index.php')
 3 SYSTEMPATH\View\View.php(216): CodeIgniter\View\View->CodeIgniter\View\{closure}()
 4 SYSTEMPATH\Common.php(1134): CodeIgniter\View\View->render('siswa/index', [], true)
 5 APPPATH\Controllers\Siswa.php(24): view('siswa/index', [...])
 6 SYSTEMPATH\CodeIgniter.php(927): App\Controllers\Siswa->index()
 7 SYSTEMPATH\CodeIgniter.php(482): CodeIgniter\CodeIgniter->runController(Object(App\Controllers\Siswa))
 8 SYSTEMPATH\CodeIgniter.php(351): CodeIgniter\CodeIgniter->handleRequest(null, Object(Config\Cache), false)
 9 FCPATH\index.php(67): CodeIgniter\CodeIgniter->run()
10 SYSTEMPATH\Commands\Server\rewrite.php(46): require_once('FCPATH\\index.php')
CRITICAL - 2022-12-22 04:35:37 --> syntax error, unexpected token "}", expecting variable
in APPPATH\Controllers\Siswa.php on line 73.
 1 SYSTEMPATH\Router\Router.php(499): CodeIgniter\Router\AutoRouter->getRoute('siswa')
 2 SYSTEMPATH\Router\Router.php(205): CodeIgniter\Router\Router->autoRoute('siswa')
 3 SYSTEMPATH\CodeIgniter.php(802): CodeIgniter\Router\Router->handle('siswa')
 4 SYSTEMPATH\CodeIgniter.php(430): CodeIgniter\CodeIgniter->tryToRouteIt(Object(CodeIgniter\Router\RouteCollection))
 5 SYSTEMPATH\CodeIgniter.php(351): CodeIgniter\CodeIgniter->handleRequest(null, Object(Config\Cache), false)
 6 FCPATH\index.php(67): CodeIgniter\CodeIgniter->run()
 7 SYSTEMPATH\Commands\Server\rewrite.php(46): require_once('FCPATH\\index.php')
CRITICAL - 2022-12-22 04:35:55 --> Undefined variable $row
in APPPATH\Views\Siswa\index.php on line 107.
 1 APPPATH\Views\Siswa\index.php(107): CodeIgniter\Debug\Exceptions->errorHandler(2, 'Undefined variable $row', 'APPPATH\\Views\\Siswa\\index.php', 107)
 2 SYSTEMPATH\View\View.php(213): include('APPPATH\\Views\\Siswa\\index.php')
 3 SYSTEMPATH\View\View.php(216): CodeIgniter\View\View->CodeIgniter\View\{closure}()
 4 SYSTEMPATH\Common.php(1134): CodeIgniter\View\View->render('siswa/index', [], true)
 5 APPPATH\Controllers\Siswa.php(24): view('siswa/index', [...])
 6 SYSTEMPATH\CodeIgniter.php(927): App\Controllers\Siswa->index()
 7 SYSTEMPATH\CodeIgniter.php(482): CodeIgniter\CodeIgniter->runController(Object(App\Controllers\Siswa))
 8 SYSTEMPATH\CodeIgniter.php(351): CodeIgniter\CodeIgniter->handleRequest(null, Object(Config\Cache), false)
 9 FCPATH\index.php(67): CodeIgniter\CodeIgniter->run()
10 SYSTEMPATH\Commands\Server\rewrite.php(46): require_once('FCPATH\\index.php')
CRITICAL - 2022-12-22 04:37:14 --> Undefined variable $row
in APPPATH\Views\Siswa\index.php on line 107.
 1 APPPATH\Views\Siswa\index.php(107): CodeIgniter\Debug\Exceptions->errorHandler(2, 'Undefined variable $row', 'APPPATH\\Views\\Siswa\\index.php', 107)
 2 SYSTEMPATH\View\View.php(213): include('APPPATH\\Views\\Siswa\\index.php')
 3 SYSTEMPATH\View\View.php(216): CodeIgniter\View\View->CodeIgniter\View\{closure}()
 4 SYSTEMPATH\Common.php(1134): CodeIgniter\View\View->render('siswa/index', [], true)
 5 APPPATH\Controllers\Siswa.php(24): view('siswa/index', [...])
 6 SYSTEMPATH\CodeIgniter.php(927): App\Controllers\Siswa->index()
 7 SYSTEMPATH\CodeIgniter.php(482): CodeIgniter\CodeIgniter->runController(Object(App\Controllers\Siswa))
 8 SYSTEMPATH\CodeIgniter.php(351): CodeIgniter\CodeIgniter->handleRequest(null, Object(Config\Cache), false)
 9 FCPATH\index.php(67): CodeIgniter\CodeIgniter->run()
10 SYSTEMPATH\Commands\Server\rewrite.php(46): require_once('FCPATH\\index.php')
CRITICAL - 2022-12-22 07:36:31 --> Cannot use object of type mysqli as array
in APPPATH\Views\Siswa\index.php on line 49.
 1 SYSTEMPATH\View\View.php(213): include()
 2 SYSTEMPATH\View\View.php(216): CodeIgniter\View\View->CodeIgniter\View\{closure}()
 3 SYSTEMPATH\Common.php(1134): CodeIgniter\View\View->render('siswa/index', [], true)
 4 APPPATH\Controllers\Siswa.php(24): view('siswa/index', [...])
 5 SYSTEMPATH\CodeIgniter.php(927): App\Controllers\Siswa->index()
 6 SYSTEMPATH\CodeIgniter.php(482): CodeIgniter\CodeIgniter->runController(Object(App\Controllers\Siswa))
 7 SYSTEMPATH\CodeIgniter.php(351): CodeIgniter\CodeIgniter->handleRequest(null, Object(Config\Cache), false)
 8 FCPATH\index.php(67): CodeIgniter\CodeIgniter->run()
 9 SYSTEMPATH\Commands\Server\rewrite.php(46): require_once('FCPATH\\index.php')
CRITICAL - 2022-12-22 07:36:32 --> Cannot use object of type mysqli as array
in APPPATH\Views\Siswa\index.php on line 49.
 1 SYSTEMPATH\View\View.php(213): include()
 2 SYSTEMPATH\View\View.php(216): CodeIgniter\View\View->CodeIgniter\View\{closure}()
 3 SYSTEMPATH\Common.php(1134): CodeIgniter\View\View->render('siswa/index', [], true)
 4 APPPATH\Controllers\Siswa.php(24): view('siswa/index', [...])
 5 SYSTEMPATH\CodeIgniter.php(927): App\Controllers\Siswa->index()
 6 SYSTEMPATH\CodeIgniter.php(482): CodeIgniter\CodeIgniter->runController(Object(App\Controllers\Siswa))
 7 SYSTEMPATH\CodeIgniter.php(351): CodeIgniter\CodeIgniter->handleRequest(null, Object(Config\Cache), false)
 8 FCPATH\index.php(67): CodeIgniter\CodeIgniter->run()
 9 SYSTEMPATH\Commands\Server\rewrite.php(46): require_once('FCPATH\\index.php')
CRITICAL - 2022-12-22 07:36:45 --> Cannot use object of type mysqli as array
in APPPATH\Views\Siswa\index.php on line 49.
 1 SYSTEMPATH\View\View.php(213): include()
 2 SYSTEMPATH\View\View.php(216): CodeIgniter\View\View->CodeIgniter\View\{closure}()
 3 SYSTEMPATH\Common.php(1134): CodeIgniter\View\View->render('siswa/index', [], true)
 4 APPPATH\Controllers\Siswa.php(24): view('siswa/index', [...])
 5 SYSTEMPATH\CodeIgniter.php(927): App\Controllers\Siswa->index()
 6 SYSTEMPATH\CodeIgniter.php(482): CodeIgniter\CodeIgniter->runController(Object(App\Controllers\Siswa))
 7 SYSTEMPATH\CodeIgniter.php(351): CodeIgniter\CodeIgniter->handleRequest(null, Object(Config\Cache), false)
 8 FCPATH\index.php(67): CodeIgniter\CodeIgniter->run()
 9 SYSTEMPATH\Commands\Server\rewrite.php(46): require_once('FCPATH\\index.php')
CRITICAL - 2022-12-22 07:38:27 --> Cannot use object of type mysqli as array
in APPPATH\Views\Siswa\index.php on line 49.
 1 SYSTEMPATH\View\View.php(213): include()
 2 SYSTEMPATH\View\View.php(216): CodeIgniter\View\View->CodeIgniter\View\{closure}()
 3 SYSTEMPATH\Common.php(1134): CodeIgniter\View\View->render('siswa/index', [], true)
 4 APPPATH\Controllers\Siswa.php(24): view('siswa/index', [...])
 5 SYSTEMPATH\CodeIgniter.php(927): App\Controllers\Siswa->index()
 6 SYSTEMPATH\CodeIgniter.php(482): CodeIgniter\CodeIgniter->runController(Object(App\Controllers\Siswa))
 7 SYSTEMPATH\CodeIgniter.php(351): CodeIgniter\CodeIgniter->handleRequest(null, Object(Config\Cache), false)
 8 FCPATH\index.php(67): CodeIgniter\CodeIgniter->run()
 9 SYSTEMPATH\Commands\Server\rewrite.php(46): require_once('FCPATH\\index.php')
